Connecting to database specified by database.yml
Connecting to database specified by database.yml
  [1m[36m (15.7ms)[0m  [1mCREATE TABLE "schema_migrations" ("version" character varying(255) NOT NULL) [0m
  [1m[35m (13.0ms)[0m  CREATE UNIQUE INDEX "unique_schema_migrations" ON "schema_migrations" ("version")
  [1m[36m (0.8ms)[0m  [1mSELECT "schema_migrations"."version" FROM "schema_migrations" [0m
Migrating to CreateUsersTable (20130626165803)
  [1m[35m (0.4ms)[0m  BEGIN
  [1m[36m (24.0ms)[0m  [1mCREATE TABLE "users" ("id" serial primary key, "email" character varying(255), "password_digest" character varying(255), "name" character varying(255)) [0m
  [1m[35m (0.4ms)[0m  INSERT INTO "schema_migrations" ("version") VALUES ('20130626165803')
  [1m[36m (3.6ms)[0m  [1mCOMMIT[0m
Migrating to CreatePosts (20130626175314)
  [1m[35m (0.2ms)[0m  BEGIN
  [1m[36m (14.9ms)[0m  [1mCREATE TABLE "posts" ("id" serial primary key, "title" character varying(255), "image_url" character varying(255), "user_id" integer) [0m
  [1m[35m (0.3ms)[0m  INSERT INTO "schema_migrations" ("version") VALUES ('20130626175314')
  [1m[36m (4.9ms)[0m  [1mCOMMIT[0m
Migrating to CreateComments (20130626185846)
  [1m[35m (0.2ms)[0m  BEGIN
  [1m[36m (17.4ms)[0m  [1mCREATE TABLE "comments" ("id" serial primary key, "content" text, "user_id" integer, "post_id" integer) [0m
  [1m[35m (0.2ms)[0m  INSERT INTO "schema_migrations" ("version") VALUES ('20130626185846')
  [1m[36m (3.1ms)[0m  [1mCOMMIT[0m
  [1m[35m (0.2ms)[0m  SELECT "schema_migrations"."version" FROM "schema_migrations" 
Connecting to database specified by database.yml


Started GET "/" for 127.0.0.1 at 2013-08-22 09:47:19 -0700
Processing by PostsController#index as HTML
  [1m[36mPost Load (0.4ms)[0m  [1mSELECT "posts".* FROM "posts" [0m
  Rendered posts/index.html.erb within layouts/application (3.5ms)
Compiled application.css  (1ms)  (pid 4355)
Compiled jquery.js  (2ms)  (pid 4355)
Compiled jquery_ujs.js  (0ms)  (pid 4355)
Compiled application.js  (113ms)  (pid 4355)
  Rendered layouts/_nav.html.erb (1.4ms)
Completed 200 OK in 459ms (Views: 339.2ms | ActiveRecord: 7.7ms)


Started GET "/assets/application.css?body=1" for 127.0.0.1 at 2013-08-22 09:47:20 -0700
Served asset /application.css - 200 OK (2ms)


Started GET "/assets/jquery.js?body=1" for 127.0.0.1 at 2013-08-22 09:47:20 -0700
Served asset /jquery.js - 200 OK (5ms)


Started GET "/assets/jquery_ujs.js?body=1" for 127.0.0.1 at 2013-08-22 09:47:20 -0700
Served asset /jquery_ujs.js - 200 OK (5ms)


Started GET "/assets/application.js?body=1" for 127.0.0.1 at 2013-08-22 09:47:20 -0700
Served asset /application.js - 200 OK (5ms)


Started GET "/" for 127.0.0.1 at 2013-08-22 09:47:22 -0700
Processing by PostsController#index as HTML
  [1m[35mPost Load (0.5ms)[0m  SELECT "posts".* FROM "posts" 
  Rendered posts/index.html.erb within layouts/application (0.0ms)
  Rendered layouts/_nav.html.erb (0.7ms)
Completed 200 OK in 6ms (Views: 4.8ms | ActiveRecord: 0.5ms)


Started GET "/signup" for 127.0.0.1 at 2013-08-22 09:47:25 -0700
Processing by UsersController#new as HTML
  Rendered users/new.html.erb within layouts/application (390.5ms)
  Rendered layouts/_nav.html.erb (0.7ms)
Completed 200 OK in 405ms (Views: 397.0ms | ActiveRecord: 2.0ms)


Started GET "/sessions/new" for 127.0.0.1 at 2013-08-22 09:47:26 -0700
Processing by SessionsController#new as HTML
  Rendered sessions/new.html.erb within layouts/application (2.0ms)
  Rendered layouts/_nav.html.erb (0.5ms)
Completed 200 OK in 8ms (Views: 7.1ms | ActiveRecord: 0.0ms)


Started GET "/" for 127.0.0.1 at 2013-08-22 09:47:27 -0700
Processing by PostsController#index as HTML
  [1m[36mPost Load (0.5ms)[0m  [1mSELECT "posts".* FROM "posts" [0m
  Rendered posts/index.html.erb within layouts/application (0.0ms)
  Rendered layouts/_nav.html.erb (0.6ms)
Completed 200 OK in 6ms (Views: 4.4ms | ActiveRecord: 0.5ms)
